<?xml version="1.0" encoding="UTF-8"?>
<!-- Generated by org.testng.reporters.JUnitReportReporter -->
<testsuite skipped="0" hostname="DESKTOP-D2PM3SS" name="test.Testclass" tests="1" failures="0" timestamp="2020-06-26T18:12:55 IST" time="4.399" errors="0">
  <testcase name="loginvalidation" time="4.399" classname="test.Testclass"/>
  <system-out/>
</testsuite> <!-- test.Testclass -->
