<?xml version="1.0" encoding="UTF-8"?>
<!-- Generated by org.testng.reporters.JUnitReportReporter -->
<testsuite skipped="0" hostname="DESKTOP-D2PM3SS" name="test.HotelTest" tests="1" failures="0" timestamp="2020-06-26T18:38:33 IST" time="11.011" errors="0">
  <testcase name="hotelvalidation" time="11.011" classname="test.HotelTest"/>
  <system-out/>
</testsuite> <!-- test.HotelTest -->
