<?xml version="1.0" encoding="UTF-8"?>
<!-- Generated by org.testng.reporters.JUnitReportReporter -->
<testsuite skipped="0" hostname="DESKTOP-D2PM3SS" name="test.HotelBookTest" tests="1" failures="0" timestamp="2020-08-11T11:24:44 IST" time="25.983" errors="0">
  <testcase name="bookingverify" time="25.983" classname="test.HotelBookTest"/>
  <system-out/>
</testsuite> <!-- test.HotelBookTest -->
