<?xml version="1.0" encoding="UTF-8"?>
<!-- Generated by org.testng.reporters.JUnitReportReporter -->
<testsuite skipped="0" hostname="DESKTOP-D2PM3SS" name="test.ObjectClassTest" tests="1" failures="0" timestamp="2020-06-26T18:27:43 IST" time="5.535" errors="0">
  <testcase name="loginvalidation" time="5.535" classname="test.ObjectClassTest"/>
  <system-out/>
</testsuite> <!-- test.ObjectClassTest -->
